This is pdfTeX, Version 3.1415926-2.5-1.40.14 (TeX Live 2013/Cygwin) (format=pdflatex 2014.3.30)  2 NOV 2016 00:03
entering extended mode
 restricted \write18 enabled.
 %&-line parsing enabled.
**manuscript
(./manuscript.tex
LaTeX2e <2011/06/27>
Babel <3.9f> and hyphenation patterns for 78 languages loaded.
(/usr/share/texmf-dist/tex/latex/base/article.cls
Document Class: article 2007/10/19 v1.4h Standard LaTeX document class
(/usr/share/texmf-dist/tex/latex/base/fleqn.clo
File: fleqn.clo 1998/08/17 v1.1c Standard LaTeX option (flush left equations)
\mathindent=\dimen102
)
(/usr/share/texmf-dist/tex/latex/base/size11.clo
File: size11.clo 2007/10/19 v1.4h Standard LaTeX file (size option)
)
\c@part=\count79
\c@section=\count80
\c@subsection=\count81
\c@subsubsection=\count82
\c@paragraph=\count83
\c@subparagraph=\count84
\c@figure=\count85
\c@table=\count86
\abovecaptionskip=\skip41
\belowcaptionskip=\skip42
\bibindent=\dimen103
)
(/usr/share/texmf-dist/tex/latex/graphics/graphicx.sty
Package: graphicx 1999/02/16 v1.0f Enhanced LaTeX Graphics (DPC,SPQR)

(/usr/share/texmf-dist/tex/latex/graphics/keyval.sty
Package: keyval 1999/03/16 v1.13 key=value parser (DPC)
\KV@toks@=\toks14
)
(/usr/share/texmf-dist/tex/latex/graphics/graphics.sty
Package: graphics 2009/02/05 v1.0o Standard LaTeX Graphics (DPC,SPQR)

(/usr/share/texmf-dist/tex/latex/graphics/trig.sty
Package: trig 1999/03/16 v1.09 sin cos tan (DPC)
)
(/usr/share/texmf-dist/tex/latex/latexconfig/graphics.cfg
File: graphics.cfg 2010/04/23 v1.9 graphics configuration of TeX Live
)
Package graphics Info: Driver file: pdftex.def on input line 91.

(/usr/share/texmf-dist/tex/latex/pdftex-def/pdftex.def
File: pdftex.def 2011/05/27 v0.06d Graphics/color for pdfTeX

(/usr/share/texmf-dist/tex/generic/oberdiek/infwarerr.sty
Package: infwarerr 2010/04/08 v1.3 Providing info/warning/error messages (HO)
)
(/usr/share/texmf-dist/tex/generic/oberdiek/ltxcmds.sty
Package: ltxcmds 2011/11/09 v1.22 LaTeX kernel commands for general use (HO)
)
\Gread@gobject=\count87
))
\Gin@req@height=\dimen104
\Gin@req@width=\dimen105
)
(/usr/share/texmf-dist/tex/latex/oberdiek/epstopdf.sty
Package: epstopdf 2010/02/09 v2.5 Conversion with epstopdf on the fly (HO)

(/usr/share/texmf-dist/tex/latex/oberdiek/epstopdf-base.sty
Package: epstopdf-base 2010/02/09 v2.5 Base part for package epstopdf

(/usr/share/texmf-dist/tex/latex/oberdiek/grfext.sty
Package: grfext 2010/08/19 v1.1 Manage graphics extensions (HO)

(/usr/share/texmf-dist/tex/generic/oberdiek/kvdefinekeys.sty
Package: kvdefinekeys 2011/04/07 v1.3 Define keys (HO)
))
(/usr/share/texmf-dist/tex/latex/oberdiek/kvoptions.sty
Package: kvoptions 2011/06/30 v3.11 Key value format for package options (HO)

(/usr/share/texmf-dist/tex/generic/oberdiek/kvsetkeys.sty
Package: kvsetkeys 2012/04/25 v1.16 Key value parser (HO)

(/usr/share/texmf-dist/tex/generic/oberdiek/etexcmds.sty
Package: etexcmds 2011/02/16 v1.5 Avoid name clashes with e-TeX commands (HO)

(/usr/share/texmf-dist/tex/generic/oberdiek/ifluatex.sty
Package: ifluatex 2010/03/01 v1.3 Provides the ifluatex switch (HO)
Package ifluatex Info: LuaTeX not detected.
)
Package etexcmds Info: Could not find \expanded.
(etexcmds)             That can mean that you are not using pdfTeX 1.50 or
(etexcmds)             that some package has redefined \expanded.
(etexcmds)             In the latter case, load this package earlier.
)))
(/usr/share/texmf-dist/tex/generic/oberdiek/pdftexcmds.sty
Package: pdftexcmds 2011/11/29 v0.20 Utility functions of pdfTeX for LuaTeX (HO
)

(/usr/share/texmf-dist/tex/generic/oberdiek/ifpdf.sty
Package: ifpdf 2011/01/30 v2.3 Provides the ifpdf switch (HO)
Package ifpdf Info: pdfTeX in PDF mode is detected.
)
Package pdftexcmds Info: LuaTeX not detected.
Package pdftexcmds Info: \pdf@primitive is available.
Package pdftexcmds Info: \pdf@ifprimitive is available.
Package pdftexcmds Info: \pdfdraftmode found.
)
Package grfext Info: Graphics extension search list:
(grfext)             [.png,.pdf,.jpg,.mps,.jpeg,.jbig2,.jb2,.PNG,.PDF,.JPG,.JPE
G,.JBIG2,.JB2,.eps]
(grfext)             \AppendGraphicsExtensions on input line 452.

(/usr/share/texmf-dist/tex/latex/latexconfig/epstopdf-sys.cfg
File: epstopdf-sys.cfg 2010/07/13 v1.3 Configuration of (r)epstopdf for TeX Liv
e
)))
(./manuscript.aux)
\openout1 = `manuscript.aux'.

LaTeX Font Info:    Checking defaults for OML/cmm/m/it on input line 7.
LaTeX Font Info:    ... okay on input line 7.
LaTeX Font Info:    Checking defaults for T1/cmr/m/n on input line 7.
LaTeX Font Info:    ... okay on input line 7.
LaTeX Font Info:    Checking defaults for OT1/cmr/m/n on input line 7.
LaTeX Font Info:    ... okay on input line 7.
LaTeX Font Info:    Checking defaults for OMS/cmsy/m/n on input line 7.
LaTeX Font Info:    ... okay on input line 7.
LaTeX Font Info:    Checking defaults for OMX/cmex/m/n on input line 7.
LaTeX Font Info:    ... okay on input line 7.
LaTeX Font Info:    Checking defaults for U/cmr/m/n on input line 7.
LaTeX Font Info:    ... okay on input line 7.
 (/usr/share/texmf-dist/tex/context/base/supp-pdf.mkii
[Loading MPS to PDF converter (version 2006.09.02).]
\scratchcounter=\count88
\scratchdimen=\dimen106
\scratchbox=\box26
\nofMPsegments=\count89
\nofMParguments=\count90
\everyMPshowfont=\toks15
\MPscratchCnt=\count91
\MPscratchDim=\dimen107
\MPnumerator=\count92
\makeMPintoPDFobject=\count93
\everyMPtoPDFconversion=\toks16
)
\c@example=\count94
 (./parts/title.tex
LaTeX Font Info:    External font `cmex10' loaded for size
(Font)              <10.95> on input line 18.
LaTeX Font Info:    External font `cmex10' loaded for size
(Font)              <8> on input line 18.
LaTeX Font Info:    External font `cmex10' loaded for size
(Font)              <6> on input line 18.
LaTeX Font Info:    External font `cmex10' loaded for size
(Font)              <9> on input line 18.
LaTeX Font Info:    External font `cmex10' loaded for size
(Font)              <5> on input line 18.
) [1

{/var/lib/texmf/fonts/map/pdftex/updmap/pdftex.map}]
(./manuscript.toc)
\tf@toc=\write3
\openout3 = `manuscript.toc'.

 [1] (./parts/section1.tex [1]) (./parts/section2.tex
[2]) (./parts/section3.tex [3]) (./parts/section4.tex [4])
(./parts/section5.tex [5]) (./parts/section6.tex
Overfull \hbox (99.89502pt too wide) in paragraph at lines 147--147
[]\OT1/cmtt/m/n/10.95 c -------------------------------------------------------
-----------------------[] 
 []


Overfull \hbox (99.89502pt too wide) in paragraph at lines 147--147
[]\OT1/cmtt/m/n/10.95 c purpose:            Determine a machine epsilon for the
 computers I would like[] 
 []


Overfull \hbox (94.14633pt too wide) in paragraph at lines 147--147
[]\OT1/cmtt/m/n/10.95 c                     work on computationally. The code c
ontains 2 subroutines.[] 
 []


Overfull \hbox (88.39764pt too wide) in paragraph at lines 147--147
[]\OT1/cmtt/m/n/10.95 c                     smacsps - returns the single precis
ion value for machine[] 
 []


Overfull \hbox (88.39764pt too wide) in paragraph at lines 147--147
[]\OT1/cmtt/m/n/10.95 c                     dmacsps - returns the double precis
ion value for machine[] 
 []


Overfull \hbox (99.89502pt too wide) in paragraph at lines 147--147
[]\OT1/cmtt/m/n/10.95 c -------------------------------------------------------
-----------------------[] 
 []

[6]
Overfull \hbox (99.89502pt too wide) in paragraph at lines 147--147
[]\OT1/cmtt/m/n/10.95 c loop, dividing by 2 each time to determine when the dif
ference between one and[] 
 []


Overfull \hbox (59.6542pt too wide) in paragraph at lines 147--147
[]\OT1/cmtt/m/n/10.95 c do the comparison and if small enough, break out of the
 loop and return[] 
 []

[7]
Overfull \hbox (82.64896pt too wide) in paragraph at lines 147--147
[]\OT1/cmtt/m/n/10.95 c loop over, dividing by 2 each time to determine when th
e difference between[] 
 []

[8] [9]) (./parts/section7.tex [10]
Overfull \hbox (99.89502pt too wide) in paragraph at lines 111--111
[]\OT1/cmtt/m/n/10.95 c loop, dividing by 2 each time to determine when the dif
ference between one and[] 
 []

[11]
Overfull \hbox (59.6542pt too wide) in paragraph at lines 111--111
[]\OT1/cmtt/m/n/10.95 c do the comparison and if small enough, break out of the
 loop and return[] 
 []

[12]
Overfull \hbox (82.64896pt too wide) in paragraph at lines 200--200
[]\OT1/cmtt/m/n/10.95 c loop over, dividing by 2 each time to determine when th
e difference between[] 
 []

[13] [14]) (./parts/appendix1.tex
Overfull \hbox (99.89502pt too wide) in paragraph at lines 55--55
[]\OT1/cmtt/m/n/10.95 c -------------------------------------------------------
-----------------------[] 
 []


Overfull \hbox (99.89502pt too wide) in paragraph at lines 55--55
[]\OT1/cmtt/m/n/10.95 c purpose:            Determine a machine epsilon for the
 computers I would like[] 
 []


Overfull \hbox (94.14633pt too wide) in paragraph at lines 55--55
[]\OT1/cmtt/m/n/10.95 c                     work on computationally. The code c
ontains 2 subroutines.[] 
 []


Overfull \hbox (88.39764pt too wide) in paragraph at lines 55--55
[]\OT1/cmtt/m/n/10.95 c                     smacsps - returns the single precis
ion value for machine[] 
 []


Overfull \hbox (88.39764pt too wide) in paragraph at lines 55--55
[]\OT1/cmtt/m/n/10.95 c                     dmacsps - returns the double precis
ion value for machine[] 
 []


Overfull \hbox (99.89502pt too wide) in paragraph at lines 55--55
[]\OT1/cmtt/m/n/10.95 c -------------------------------------------------------
-----------------------[] 
 []

[15]) [16] (./manuscript.bbl) [17] (./manuscript.aux) ) 
Here is how much of TeX's memory you used:
 1551 strings out of 493315
 21796 string characters out of 6143675
 82304 words of memory out of 5000000
 4972 multiletter control sequences out of 15000+600000
 9624 words of font info for 34 fonts, out of 8000000 for 9000
 957 hyphenation exceptions out of 8191
 42i,8n,24p,300b,242s stack positions out of 5000i,500n,10000p,200000b,80000s
</usr/share/texmf-dist/f
onts/type1/public/amsfonts/cm/cmbx10.pfb></usr/share/texmf-dist/fonts/type1/pub
lic/amsfonts/cm/cmbx12.pfb></usr/share/texmf-dist/fonts/type1/public/amsfonts/c
m/cmcsc10.pfb></usr/share/texmf-dist/fonts/type1/public/amsfonts/cm/cmmi10.pfb>
</usr/share/texmf-dist/fonts/type1/public/amsfonts/cm/cmr10.pfb></usr/share/tex
mf-dist/fonts/type1/public/amsfonts/cm/cmr6.pfb></usr/share/texmf-dist/fonts/ty
pe1/public/amsfonts/cm/cmr8.pfb></usr/share/texmf-dist/fonts/type1/public/amsfo
nts/cm/cmr9.pfb></usr/share/texmf-dist/fonts/type1/public/amsfonts/cm/cmsy8.pfb
></usr/share/texmf-dist/fonts/type1/public/amsfonts/cm/cmti10.pfb></usr/share/t
exmf-dist/fonts/type1/public/amsfonts/cm/cmtt10.pfb>
Output written on manuscript.pdf (19 pages, 156659 bytes).
PDF statistics:
 110 PDF objects out of 1000 (max. 8388607)
 77 compressed objects within 1 object stream
 0 named destinations out of 1000 (max. 500000)
 1 words of extra memory for PDF output out of 10000 (max. 10000000)

